fffffffffffffff
fffffffffffffff
fffffffffffffff
fffffffffffffff
fffffffffffffff
fffffffffffffff
fffffffffffffff
fffffffffffffff
ffffffffbffffff
ffffffffeffffff
fffffffffffffff
fffffffffffffff
fffffffffffffff
fffffffffffffff
fffffffffffffff



fffffffffffffff
fffffffffffffff
fffffffffffffff
fffffffffffffff
fffffffffffffff
fffffffffffffff
fffffffffffffff
fffffffffffffff
ffffffffbffffff
ffffffffc7fffff
fffffffffffffff
fffffffffffffff
fffffffffffffff
fffffffffffffff
fffffffffffffff



fffffffffffffff
fffffffffffffff
fffffffffffffff
fffffffffffffff
fffffffffffffff
fffffffffffffff
fffffffffffffff
fffffffffffffff
ffffffffbffffff
ffffffffc3fffff
fffffffffefffff
fffffffffffffff
fffffffffffffff
fffffffffffffff
fffffffffffffff



fffffffffffffff
fffffffffffffff
fffffffffffffff
fffffffffffffff
fffffffffffffff
fffffffffffffff
fffffffffffffff
fffffffffffffff
ffffffffbffffff
ffffffffc3fffff
fffffffffafffff
fffffffffefffff
fffffffffffffff
fffffffffffffff
fffffffffffffff



fffffffffffffff
fffffffffffffff
fffffffffffffff
fffffffffffffff
fffffffffffffff
fffffffffffffff
fffffffffffffff
fffffffffffffff
ffffffffbffffff
ffffffffc3fffff
fffffffffafffff
fffffffffafffff
fffffffffefffff
fffffffffffffff
fffffffffffffff



fffffffffffffff
fffffffffffffff
fffffffffffffff
fffffffffffffff
fffffffffffffff
fffffffffffffff
fffffffffffffff
fffffffffffffff
ffffffffbffffff
ffffffffc3fffff
fffffffffafffff
fffffffffafffff
fffffffffafffff
fffffffffefffff
fffffffffffffff



fffffffffffffff
fffffffffffffff
fffffffffffffff
fffffffffffffff
fffffffffffffff
fffffffffffffff
fffffffffffffff
fffffffffffffff
ffffffffbffffff
ffffffffc3fffff
fffffffffafffff
fffffffffafffff
fffffffffafffff
fffffffffc7ffff
fffffffffffffff



fffffffffffffff
fffffffffffffff
fffffffffffffff
fffffffffffffff
fffffffffffffff
fffffffffffffff
fffffffffffffff
fffffffffffffff
ffffffffbffffff
ffffffffc3fffff
fffffffffafffff
fffffffffafffff
fffffffffafffff
fffffffffc3ffff
ffffffffffeffff



fffffffffffffff
fffffffffffffff
fffffffffffffff
fffffffffffffff
fffffffffffffff
fffffffffffffff
fffffffffffffff
fffffffffffffff
ffffffffbffffff
ffffffffc3fffff
fffffffffafffff
fffffffffafffff
fffffffffafffff
fffffffffc3ffff
fffffffffd6ffff



fffffffffffffff
fffffffffffffff
fffffffffffffff
fffffffffffffff
fffffffffffffff
fffffffffffffff
fffffffffffffff
fffffffffffffff
ffffffffbffffff
ffffffffc3fffff
fffffffffafffff
fffffffffafffff
fffffffffafffff
fffffffffc3ffff
ffffffffd56ffff



fffffffffffffff
fffffffffffffff
fffffffffffffff
fffffffffffffff
fffffffffffffff
fffffffffffffff
fffffffffffffff
fffffffffffffff
ffffffffbffffff
ffffffffc3fffff
fffffffffafffff
fffffffffafffff
fffffffffafffff
ffffffffbc3ffff
ffffffffc56ffff



fffffffffffffff
fffffffffffffff
fffffffffffffff
fffffffffffffff
fffffffffffffff
fffffffffffffff
fffffffffffffff
fffffffffffffff
ffffffffbffffff
ffffffffc3fffff
fffffffffafffff
fffffffffafffff
ffffffffbafffff
ffffffffac3ffff
ffffffffc56ffff



fffffffffffffff
fffffffffffffff
fffffffffffffff
fffffffffffffff
fffffffffffffff
fffffffffffffff
fffffffffffffff
fffffffffffffff
ffffffffbffffff
ffffffffc3fffff
fffffffffafffff
ffffffffbafffff
ffffffffaafffff
ffffffffac3ffff
ffffffffc56ffff



fffffffffffffff
fffffffffffffff
fffffffffffffff
fffffffffffffff
fffffffffffffff
fffffffffffffff
fffffffffffffff
fffffffffffffff
ffffffffbffffff
ffffffffc3fffff
ffffffffbafffff
ffffffffaafffff
ffffffffaafffff
ffffffffac3ffff
ffffffffc56ffff



fffffffffffffff
fffffffffffffff
fffffffffffffff
fffffffffffffff
fffffffffffffff
fffffffffffffff
fffffffffffffff
fffffffffffffff
ffffffffbffffff
ffffffffc3fffff
fffffffd3afffff
ffffffffaafffff
ffffffffaafffff
ffffffffac3ffff
ffffffffc56ffff



fffffffffffffff
fffffffffffffff
fffffffffffffff
fffffffffffffff
fffffffffffffff
fffffffffffffff
fffffffffffffff
fffffffffffffff
ffffffffbffffff
fffffffbc3fffff
fffffffc3afffff
ffffffffaafffff
ffffffffaafffff
ffffffffac3ffff
ffffffffc56ffff



fffffffffffffff
fffffffffffffff
fffffffffffffff
fffffffffffffff
fffffffffffffff
fffffffffffffff
fffffffffffffff
fffffffffffffff
ffffffffbffffff
ffffffd3c3fffff
fffffffc3afffff
ffffffffaafffff
ffffffffaafffff
ffffffffac3ffff
ffffffffc56ffff



fffffffffffffff
fffffffffffffff
fffffffffffffff
fffffffffffffff
fffffffffffffff
fffffffffffffff
fffffffffffffff
fffffffffffffff
ffffffffbffffff
ffffff93c3fffff
ffffffec3afffff
ffffffffaafffff
ffffffffaafffff
ffffffffac3ffff
ffffffffc56ffff



fffffffffffffff
fffffffffffffff
fffffffffffffff
fffffffffffffff
fffffffffffffff
fffffffffffffff
fffffffffffffff
fffffffffffffff
ffffffffbffffff
ffffff93c3fffff
ffffffac3afffff
ffffffefaafffff
ffffffffaafffff
ffffffffac3ffff
ffffffffc56ffff



fffffffffffffff
fffffffffffffff
fffffffffffffff
fffffffffffffff
fffffffffffffff
fffffffffffffff
fffffffffffffff
fffffffffffffff
ffffffffbffffff
ffffff93c3fffff
ffffffac3afffff
fffffd6faafffff
ffffffffaafffff
ffffffffac3ffff
ffffffffc56ffff



fffffffffffffff
fffffffffffffff
fffffffffffffff
fffffffffffffff
fffffffffffffff
fffffffffffffff
fffffffffffffff
fffffffffffffff
ffffffffbffffff
ffffff93c3fffff
ffffffac3afffff
ffffd56faafffff
ffffffffaafffff
ffffffffac3ffff
ffffffffc56ffff



fffffffffffffff
fffffffffffffff
fffffffffffffff
fffffffffffffff
fffffffffffffff
fffffffffffffff
fffffffffffffff
fffffffffffffff
ffffffffbffffff
ffffff93c3fffff
ffffffac3afffff
fffd556faafffff
ffffffffaafffff
ffffffffac3ffff
ffffffffc56ffff



fffffffffffffff
fffffffffffffff
fffffffffffffff
fffffffffffffff
fffffffffffffff
fffffffffffffff
fffffffffffffff
fffffffffffffff
ffffffffbffffff
ffffff93c3fffff
ffffffac3afffff
fff9556faafffff
fffeffffaafffff
ffffffffac3ffff
ffffffffc56ffff



fffffffffffffff
fffffffffffffff
fffffffffffffff
fffffffffffffff
fffffffffffffff
fffffffffffffff
fffffffffffffff
fffffffffffffff
ffffffffbffffff
ffffff93c3fffff
ffffffac3afffff
fff9556faafffff
fffc7fffaafffff
ffffffffac3ffff
ffffffffc56ffff



fffffffffffffff
fffffffffffffff
fffffffffffffff
fffffffffffffff
fffffffffffffff
fffffffffffffff
fffffffffffffff
fffffffffffffff
ffffffffbffffff
ffffff93c3fffff
ffffffac3afffff
fff9556faafffff
fffc57ffaafffff
ffffffffac3ffff
ffffffffc56ffff



fffffffffffffff
fffffffffffffff
fffffffffffffff
fffffffffffffff
fffffffffffffff
fffffffffffffff
fffffffffffffff
fffffffffffffff
ffffffffbffffff
ffffff93c3fffff
ffffffac3afffff
fff9556faafffff
fffc53ffaafffff
fffffeffac3ffff
ffffffffc56ffff



fffffffffffffff
fffffffffffffff
fffffffffffffff
fffffffffffffff
fffffffffffffff
fffffffffffffff
fffffffffffffff
fffffffffffffff
ffffffffbffffff
ffffff93c3fffff
ffffffac3afffff
fff9556faafffff
fffc53ffaafffff
fffffc7fac3ffff
ffffffffc56ffff



fffffffffffffff
fffffffffffffff
fffffffffffffff
fffffffffffffff
fffffffffffffff
fffffffffffffff
fffffffffffffff
fffffffffffffff
ffffffffbffffff
ffffff93c3fffff
ffffffac3afffff
fff9556faafffff
fffc53ffaafffff
fffffc3fac3ffff
ffffffefc56ffff



fffffffffffffff
fffffffffffffff
fffffffffffffff
fffffffffffffff
fffffffffffffff
fffffffffffffff
fffffffffffffff
fffffffffffffff
ffffffffbffffff
ffffff93c3fffff
ffffffac3afffff
fff9556faafffff
fffc53ffaafffff
fffffc3fac3ffff
fffffd6fc56ffff



fffffffffffffff
fffffffffffffff
fffffffffffffff
fffffffffffffff
fffffffffffffff
fffffffffffffff
fffffffffffffff
fffffffffffffff
ffffffffbffffff
ffffff93c3fffff
ffffffac3afffff
fff9556faafffff
fffc53ffaafffff
fffffc3fac3ffff
ffffd56fc56ffff



fffffffffffffff
fffffffffffffff
fffffffffffffff
fffffffffffffff
fffffffffffffff
fffffffffffffff
fffffffffffffff
fffffffffffffff
ffffffffbffffff
ffffff93c3fffff
ffffffac3afffff
fff9556faafffff
fffc53ffaafffff
fffffc3fac3ffff
fffd556fc56ffff



fffffffffffffff
fffffffffffffff
fffffffffffffff
fffffffffffffff
fffffffffffffff
fffffffffffffff
fffffffffffffff
fffffffffffffff
ffffffffbffffff
ffffff93c3fffff
ffffffac3afffff
fff9556faafffff
fffc53ffaafffff
fffffc3fac3ffff
ffd5556fc56ffff



fffffffffffffff
fffffffffffffff
fffffffffffffff
fffffffffffffff
fffffffffffffff
fffffffffffffff
fffffffffffffff
fffffffffffffff
ffffffffbffffff
ffffff93c3fffff
ffffffac3afffff
fff9556faafffff
fffc53ffaafffff
fffffc3fac3ffff
fd55556fc56ffff



fffffffffffffff
fffffffffffffff
fffffffffffffff
fffffffffffffff
fffffffffffffff
fffffffffffffff
fffffffffffffff
fffffffffffffff
ffffffffbffffff
ffffff93c3fffff
ffffffac3afffff
fff9556faafffff
fffc53ffaafffff
fbfffc3fac3ffff
fc55556fc56ffff



fffffffffffffff
fffffffffffffff
fffffffffffffff
fffffffffffffff
fffffffffffffff
fffffffffffffff
fffffffffffffff
fffffffffffffff
ffffffffbffffff
ffffff93c3fffff
ffffffac3afffff
fff9556faafffff
fffc53ffaafffff
f97ffc3fac3ffff
fc55556fc56ffff



fffffffffffffff
fffffffffffffff
fffffffffffffff
fffffffffffffff
fffffffffffffff
fffffffffffffff
fffffffffffffff
fffffffffffffff
ffffffffbffffff
ffffff93c3fffff
ffffffac3afffff
fff9556faafffff
fffc53ffaafffff
f957fc3fac3ffff
fc55556fc56ffff



fffffffffffffff
fffffffffffffff
fffffffffffffff
fffffffffffffff
fffffffffffffff
fffffffffffffff
fffffffffffffff
fffffffffffffff
ffffffffbffffff
ffffff93c3fffff
ffffffac3afffff
fff9556faafffff
fffc53ffaafffff
f9557c3fac3ffff
fc55556fc56ffff



fffffffffffffff
fffffffffffffff
fffffffffffffff
fffffffffffffff
fffffffffffffff
fffffffffffffff
fffffffffffffff
fffffffffffffff
ffffffffbffffff
ffffff93c3fffff
ffffffac3afffff
fff9556faafffff
ffbc53ffaafffff
f9457c3fac3ffff
fc55556fc56ffff



fffffffffffffff
fffffffffffffff
fffffffffffffff
fffffffffffffff
fffffffffffffff
fffffffffffffff
fffffffffffffff
fffffffffffffff
ffffffffbffffff
ffffff93c3fffff
ffffffac3afffff
fff9556faafffff
fd3c53ffaafffff
f9457c3fac3ffff
fc55556fc56ffff



fffffffffffffff
fffffffffffffff
fffffffffffffff
fffffffffffffff
fffffffffffffff
fffffffffffffff
fffffffffffffff
fffffffffffffff
ffffffffbffffff
ffffff93c3fffff
ffffffac3afffff
fbf9556faafffff
fc3c53ffaafffff
f9457c3fac3ffff
fc55556fc56ffff



fffffffffffffff
fffffffffffffff
fffffffffffffff
fffffffffffffff
fffffffffffffff
fffffffffffffff
fffffffffffffff
fffffffffffffff
ffffffffbffffff
ffffff93c3fffff
fbffffac3afffff
faf9556faafffff
fc3c53ffaafffff
f9457c3fac3ffff
fc55556fc56ffff



fffffffffffffff
fffffffffffffff
fffffffffffffff
fffffffffffffff
fffffffffffffff
fffffffffffffff
fffffffffffffff
fffffffffffffff
ffffffffbffffff
ffffff93c3fffff
f97fffac3afffff
faf9556faafffff
fc3c53ffaafffff
f9457c3fac3ffff
fc55556fc56ffff



fffffffffffffff
fffffffffffffff
fffffffffffffff
fffffffffffffff
fffffffffffffff
fffffffffffffff
fffffffffffffff
fffffffffffffff
ffffffffbffffff
ffbfff93c3fffff
f96fffac3afffff
faf9556faafffff
fc3c53ffaafffff
f9457c3fac3ffff
fc55556fc56ffff



fffffffffffffff
fffffffffffffff
fffffffffffffff
fffffffffffffff
fffffffffffffff
fffffffffffffff
fffffffffffffff
fffffffffffffff
ffbfffffbffffff
ffafff93c3fffff
f96fffac3afffff
faf9556faafffff
fc3c53ffaafffff
f9457c3fac3ffff
fc55556fc56ffff



fffffffffffffff
fffffffffffffff
fffffffffffffff
fffffffffffffff
fffffffffffffff
fffffffffffffff
fffffffffffffff
fffffffffffffff
fd3fffffbffffff
ffafff93c3fffff
f96fffac3afffff
faf9556faafffff
fc3c53ffaafffff
f9457c3fac3ffff
fc55556fc56ffff



fffffffffffffff
fffffffffffffff
fffffffffffffff
fffffffffffffff
fffffffffffffff
fffffffffffffff
fffffffffffffff
fffffffffffffff
d53fffffbffffff
ffafff93c3fffff
f96fffac3afffff
faf9556faafffff
fc3c53ffaafffff
f9457c3fac3ffff
fc55556fc56ffff



fffffffffffffff
fffffffffffffff
fffffffffffffff
fffffffffffffff
fffffffffffffff
fffffffffffffff
fffffffffffffff
bffffffffffffff
c53fffffbffffff
ffafff93c3fffff
f96fffac3afffff
faf9556faafffff
fc3c53ffaafffff
f9457c3fac3ffff
fc55556fc56ffff



fffffffffffffff
fffffffffffffff
fffffffffffffff
fffffffffffffff
fffffffffffffff
fffffffffffffff
fffffffffffffff
97fffffffffffff
c53fffffbffffff
ffafff93c3fffff
f96fffac3afffff
faf9556faafffff
fc3c53ffaafffff
f9457c3fac3ffff
fc55556fc56ffff



fffffffffffffff
fffffffffffffff
fffffffffffffff
fffffffffffffff
fffffffffffffff
fffffffffffffff
fbfffffffffffff
96fffffffffffff
c53fffffbffffff
ffafff93c3fffff
f96fffac3afffff
faf9556faafffff
fc3c53ffaafffff
f9457c3fac3ffff
fc55556fc56ffff



fffffffffffffff
fffffffffffffff
fffffffffffffff
fffffffffffffff
fffffffffffffff
fffffffffffffff
f97ffffffffffff
96fffffffffffff
c53fffffbffffff
ffafff93c3fffff
f96fffac3afffff
faf9556faafffff
fc3c53ffaafffff
f9457c3fac3ffff
fc55556fc56ffff



fffffffffffffff
fffffffffffffff
fffffffffffffff
fffffffffffffff
fffffffffffffff
ffbffffffffffff
f96ffffffffffff
96fffffffffffff
c53fffffbffffff
ffafff93c3fffff
f96fffac3afffff
faf9556faafffff
fc3c53ffaafffff
f9457c3fac3ffff
fc55556fc56ffff



fffffffffffffff
fffffffffffffff
fffffffffffffff
fffffffffffffff
ffbffffffffffff
ffaffffffffffff
f96ffffffffffff
96fffffffffffff
c53fffffbffffff
ffafff93c3fffff
f96fffac3afffff
faf9556faafffff
fc3c53ffaafffff
f9457c3fac3ffff
fc55556fc56ffff



fffffffffffffff
fffffffffffffff
fffffffffffffff
fffffffffffffff
fd3ffffffffffff
ffaffffffffffff
f96ffffffffffff
96fffffffffffff
c53fffffbffffff
ffafff93c3fffff
f96fffac3afffff
faf9556faafffff
fc3c53ffaafffff
f9457c3fac3ffff
fc55556fc56ffff



fffffffffffffff
fffffffffffffff
fffffffffffffff
fffffffffffffff
d53ffffffffffff
ffaffffffffffff
f96ffffffffffff
96fffffffffffff
c53fffffbffffff
ffafff93c3fffff
f96fffac3afffff
faf9556faafffff
fc3c53ffaafffff
f9457c3fac3ffff
fc55556fc56ffff



fffffffffffffff
fffffffffffffff
fffffffffffffff
bffffffffffffff
c53ffffffffffff
ffaffffffffffff
f96ffffffffffff
96fffffffffffff
c53fffffbffffff
ffafff93c3fffff
f96fffac3afffff
faf9556faafffff
fc3c53ffaafffff
f9457c3fac3ffff
fc55556fc56ffff



fffffffffffffff
fffffffffffffff
bffffffffffffff
affffffffffffff
c53ffffffffffff
ffaffffffffffff
f96ffffffffffff
96fffffffffffff
c53fffffbffffff
ffafff93c3fffff
f96fffac3afffff
faf9556faafffff
fc3c53ffaafffff
f9457c3fac3ffff
fc55556fc56ffff



fffffffffffffff
fffffffffffffff
97fffffffffffff
affffffffffffff
c53ffffffffffff
ffaffffffffffff
f96ffffffffffff
96fffffffffffff
c53fffffbffffff
ffafff93c3fffff
f96fffac3afffff
faf9556faafffff
fc3c53ffaafffff
f9457c3fac3ffff
fc55556fc56ffff



fffffffffffffff
fffffffffffffff
93fffffffffffff
aefffffffffffff
c53ffffffffffff
ffaffffffffffff
f96ffffffffffff
96fffffffffffff
c53fffffbffffff
ffafff93c3fffff
f96fffac3afffff
faf9556faafffff
fc3c53ffaafffff
f9457c3fac3ffff
fc55556fc56ffff



fffffffffffffff
fffffffffffffff
93fffffffffffff
ac7ffffffffffff
c53ffffffffffff
ffaffffffffffff
f96ffffffffffff
96fffffffffffff
c53fffffbffffff
ffafff93c3fffff
f96fffac3afffff
faf9556faafffff
fc3c53ffaafffff
f9457c3fac3ffff
fc55556fc56ffff



fffffffffffffff
fffffffffffffff
93bffffffffffff
ac6ffffffffffff
c53ffffffffffff
ffaffffffffffff
f96ffffffffffff
96fffffffffffff
c53fffffbffffff
ffafff93c3fffff
f96fffac3afffff
faf9556faafffff
fc3c53ffaafffff
f9457c3fac3ffff
fc55556fc56ffff



fffffffffffffff
fffffffffffffff
9397fffffffffff
ac6ffffffffffff
c53ffffffffffff
ffaffffffffffff
f96ffffffffffff
96fffffffffffff
c53fffffbffffff
ffafff93c3fffff
f96fffac3afffff
faf9556faafffff
fc3c53ffaafffff
f9457c3fac3ffff
fc55556fc56ffff



fffffffffffffff
fffbfffffffffff
9396fffffffffff
ac6ffffffffffff
c53ffffffffffff
ffaffffffffffff
f96ffffffffffff
96fffffffffffff
c53fffffbffffff
ffafff93c3fffff
f96fffac3afffff
faf9556faafffff
fc3c53ffaafffff
f9457c3fac3ffff
fc55556fc56ffff



fffbfffffffffff
fffafffffffffff
9396fffffffffff
ac6ffffffffffff
c53ffffffffffff
ffaffffffffffff
f96ffffffffffff
96fffffffffffff
c53fffffbffffff
ffafff93c3fffff
f96fffac3afffff
faf9556faafffff
fc3c53ffaafffff
f9457c3fac3ffff
fc55556fc56ffff



ffd3fffffffffff
fffafffffffffff
9396fffffffffff
ac6ffffffffffff
c53ffffffffffff
ffaffffffffffff
f96ffffffffffff
96fffffffffffff
c53fffffbffffff
ffafff93c3fffff
f96fffac3afffff
faf9556faafffff
fc3c53ffaafffff
f9457c3fac3ffff
fc55556fc56ffff



fd53fffffffffff
fffafffffffffff
9396fffffffffff
ac6ffffffffffff
c53ffffffffffff
ffaffffffffffff
f96ffffffffffff
96fffffffffffff
c53fffffbffffff
ffafff93c3fffff
f96fffac3afffff
faf9556faafffff
fc3c53ffaafffff
f9457c3fac3ffff
fc55556fc56ffff



reached: 1 1
f953fffffffffff
fefafffffffffff
9396fffffffffff
ac6ffffffffffff
c53ffffffffffff
ffaffffffffffff
f96ffffffffffff
96fffffffffffff
c53fffffbffffff
ffafff93c3fffff
f96fffac3afffff
faf9556faafffff
fc3c53ffaafffff
f9457c3fac3ffff
fc55556fc56ffff



f953fffffffffff
fc7afffffffffff
9396fffffffffff
ac6ffffffffffff
c53ffffffffffff
ffaffffffffffff
f96ffffffffffff
96fffffffffffff
c53fffffbffffff
ffafff93c3fffff
f96fffac3afffff
faf9556faafffff
fc3c53ffaafffff
f9457c3fac3ffff
fc55556fc56ffff



reached: 1 1
f953fffffffffff
d47afffffffffff
9396fffffffffff
ac6ffffffffffff
c53ffffffffffff
ffaffffffffffff
f96ffffffffffff
96fffffffffffff
c53fffffbffffff
ffafff93c3fffff
f96fffac3afffff
faf9556faafffff
fc3c53ffaafffff
f9457c3fac3ffff
fc55556fc56ffff



b953fffffffffff
c47afffffffffff
9396fffffffffff
ac6ffffffffffff
c53ffffffffffff
ffaffffffffffff
f96ffffffffffff
96fffffffffffff
c53fffffbffffff
ffafff93c3fffff
f96fffac3afffff
faf9556faafffff
fc3c53ffaafffff
f9457c3fac3ffff
fc55556fc56ffff



reached: 1 1
b9517ffffffffff
c47afffffffffff
9396fffffffffff
ac6ffffffffffff
c53ffffffffffff
ffaffffffffffff
f96ffffffffffff
96fffffffffffff
c53fffffbffffff
ffafff93c3fffff
f96fffac3afffff
faf9556faafffff
fc3c53ffaafffff
f9457c3fac3ffff
fc55556fc56ffff



b95157fffffffff
c47afffffffffff
9396fffffffffff
ac6ffffffffffff
c53ffffffffffff
ffaffffffffffff
f96ffffffffffff
96fffffffffffff
c53fffffbffffff
ffafff93c3fffff
f96fffac3afffff
faf9556faafffff
fc3c53ffaafffff
f9457c3fac3ffff
fc55556fc56ffff



b95153fffffffff
c47afefffffffff
9396fffffffffff
ac6ffffffffffff
c53ffffffffffff
ffaffffffffffff
f96ffffffffffff
96fffffffffffff
c53fffffbffffff
ffafff93c3fffff
f96fffac3afffff
faf9556faafffff
fc3c53ffaafffff
f9457c3fac3ffff
fc55556fc56ffff



b95153fffffffff
c47afc7ffffffff
9396fffffffffff
ac6ffffffffffff
c53ffffffffffff
ffaffffffffffff
f96ffffffffffff
96fffffffffffff
c53fffffbffffff
ffafff93c3fffff
f96fffac3afffff
faf9556faafffff
fc3c53ffaafffff
f9457c3fac3ffff
fc55556fc56ffff



b95153fffffffff
c47afc57fffffff
9396fffffffffff
ac6ffffffffffff
c53ffffffffffff
ffaffffffffffff
f96ffffffffffff
96fffffffffffff
c53fffffbffffff
ffafff93c3fffff
f96fffac3afffff
faf9556faafffff
fc3c53ffaafffff
f9457c3fac3ffff
fc55556fc56ffff



b95153fbfffffff
c47afc56fffffff
9396fffffffffff
ac6ffffffffffff
c53ffffffffffff
ffaffffffffffff
f96ffffffffffff
96fffffffffffff
c53fffffbffffff
ffafff93c3fffff
f96fffac3afffff
faf9556faafffff
fc3c53ffaafffff
f9457c3fac3ffff
fc55556fc56ffff



b95153f97ffffff
c47afc56fffffff
9396fffffffffff
ac6ffffffffffff
c53ffffffffffff
ffaffffffffffff
f96ffffffffffff
96fffffffffffff
c53fffffbffffff
ffafff93c3fffff
f96fffac3afffff
faf9556faafffff
fc3c53ffaafffff
f9457c3fac3ffff
fc55556fc56ffff



b95153f93ffffff
c47afc56effffff
9396fffffffffff
ac6ffffffffffff
c53ffffffffffff
ffaffffffffffff
f96ffffffffffff
96fffffffffffff
c53fffffbffffff
ffafff93c3fffff
f96fffac3afffff
faf9556faafffff
fc3c53ffaafffff
f9457c3fac3ffff
fc55556fc56ffff



b95153f93ffffff
c47afc56affffff
9396ffffeffffff
ac6ffffffffffff
c53ffffffffffff
ffaffffffffffff
f96ffffffffffff
96fffffffffffff
c53fffffbffffff
ffafff93c3fffff
f96fffac3afffff
faf9556faafffff
fc3c53ffaafffff
f9457c3fac3ffff
fc55556fc56ffff



b95153f93ffffff
c47afc56affffff
9396fffd6ffffff
ac6ffffffffffff
c53ffffffffffff
ffaffffffffffff
f96ffffffffffff
96fffffffffffff
c53fffffbffffff
ffafff93c3fffff
f96fffac3afffff
faf9556faafffff
fc3c53ffaafffff
f9457c3fac3ffff
fc55556fc56ffff



b95153f93ffffff
c47afc56affffff
9396ffd56ffffff
ac6ffffffffffff
c53ffffffffffff
ffaffffffffffff
f96ffffffffffff
96fffffffffffff
c53fffffbffffff
ffafff93c3fffff
f96fffac3afffff
faf9556faafffff
fc3c53ffaafffff
f9457c3fac3ffff
fc55556fc56ffff



b95153f93ffffff
c47afc56affffff
9396fd556ffffff
ac6ffffffffffff
c53ffffffffffff
ffaffffffffffff
f96ffffffffffff
96fffffffffffff
c53fffffbffffff
ffafff93c3fffff
f96fffac3afffff
faf9556faafffff
fc3c53ffaafffff
f9457c3fac3ffff
fc55556fc56ffff



b95153f93ffffff
c47afc56affffff
9396d5556ffffff
ac6ffffffffffff
c53ffffffffffff
ffaffffffffffff
f96ffffffffffff
96fffffffffffff
c53fffffbffffff
ffafff93c3fffff
f96fffac3afffff
faf9556faafffff
fc3c53ffaafffff
f9457c3fac3ffff
fc55556fc56ffff



b95153f93ffffff
c47abc56affffff
9396c5556ffffff
ac6ffffffffffff
c53ffffffffffff
ffaffffffffffff
f96ffffffffffff
96fffffffffffff
c53fffffbffffff
ffafff93c3fffff
f96fffac3afffff
faf9556faafffff
fc3c53ffaafffff
f9457c3fac3ffff
fc55556fc56ffff



b95153f93ffffff
c47abc56affffff
939685556ffffff
ac6feffffffffff
c53ffffffffffff
ffaffffffffffff
f96ffffffffffff
96fffffffffffff
c53fffffbffffff
ffafff93c3fffff
f96fffac3afffff
faf9556faafffff
fc3c53ffaafffff
f9457c3fac3ffff
fc55556fc56ffff



b95153f93ffffff
c47abc56affffff
939685556ffffff
ac6fc7fffffffff
c53ffffffffffff
ffaffffffffffff
f96ffffffffffff
96fffffffffffff
c53fffffbffffff
ffafff93c3fffff
f96fffac3afffff
faf9556faafffff
fc3c53ffaafffff
f9457c3fac3ffff
fc55556fc56ffff



b95153f93ffffff
c47abc56affffff
939685556ffffff
ac6fc3fffffffff
c53ffefffffffff
ffaffffffffffff
f96ffffffffffff
96fffffffffffff
c53fffffbffffff
ffafff93c3fffff
f96fffac3afffff
faf9556faafffff
fc3c53ffaafffff
f9457c3fac3ffff
fc55556fc56ffff



b95153f93ffffff
c47abc56affffff
939685556ffffff
ac6fc3fffffffff
c53ffafffffffff
ffaffefffffffff
f96ffffffffffff
96fffffffffffff
c53fffffbffffff
ffafff93c3fffff
f96fffac3afffff
faf9556faafffff
fc3c53ffaafffff
f9457c3fac3ffff
fc55556fc56ffff



b95153f93ffffff
c47abc56affffff
939685556ffffff
ac6fc3fffffffff
c53ffafffffffff
ffaffc7ffffffff
f96ffffffffffff
96fffffffffffff
c53fffffbffffff
ffafff93c3fffff
f96fffac3afffff
faf9556faafffff
fc3c53ffaafffff
f9457c3fac3ffff
fc55556fc56ffff



b95153f93ffffff
c47abc56affffff
939685556ffffff
ac6fc3fffffffff
c53ffabffffffff
ffaffc6ffffffff
f96ffffffffffff
96fffffffffffff
c53fffffbffffff
ffafff93c3fffff
f96fffac3afffff
faf9556faafffff
fc3c53ffaafffff
f9457c3fac3ffff
fc55556fc56ffff



b95153f93ffffff
c47abc56affffff
939685556ffffff
ac6fc3bffffffff
c53ffaaffffffff
ffaffc6ffffffff
f96ffffffffffff
96fffffffffffff
c53fffffbffffff
ffafff93c3fffff
f96fffac3afffff
faf9556faafffff
fc3c53ffaafffff
f9457c3fac3ffff
fc55556fc56ffff



b95153f93ffffff
c47abc56affffff
939685556ffffff
ac6fc397fffffff
c53ffaaffffffff
ffaffc6ffffffff
f96ffffffffffff
96fffffffffffff
c53fffffbffffff
ffafff93c3fffff
f96fffac3afffff
faf9556faafffff
fc3c53ffaafffff
f9457c3fac3ffff
fc55556fc56ffff



b95153f93ffffff
c47abc56affffff
939685556ffffff
ac6fc3957ffffff
c53ffaaffffffff
ffaffc6ffffffff
f96ffffffffffff
96fffffffffffff
c53fffffbffffff
ffafff93c3fffff
f96fffac3afffff
faf9556faafffff
fc3c53ffaafffff
f9457c3fac3ffff
fc55556fc56ffff



b95153f93ffffff
c47abc56affffff
939685556ffffff
ac6fc39557fffff
c53ffaaffffffff
ffaffc6ffffffff
f96ffffffffffff
96fffffffffffff
c53fffffbffffff
ffafff93c3fffff
f96fffac3afffff
faf9556faafffff
fc3c53ffaafffff
f9457c3fac3ffff
fc55556fc56ffff



b95153f93ffffff
c47abc56affffff
939685556ffffff
ac6fc395557ffff
c53ffaaffffffff
ffaffc6ffffffff
f96ffffffffffff
96fffffffffffff
c53fffffbffffff
ffafff93c3fffff
f96fffac3afffff
faf9556faafffff
fc3c53ffaafffff
f9457c3fac3ffff
fc55556fc56ffff



b95153f93ffffff
c47abc56affffff
939685556fbffff
ac6fc395556ffff
c53ffaaffffffff
ffaffc6ffffffff
f96ffffffffffff
96fffffffffffff
c53fffffbffffff
ffafff93c3fffff
f96fffac3afffff
faf9556faafffff
fc3c53ffaafffff
f9457c3fac3ffff
fc55556fc56ffff



b95153f93ffffff
c47abc56affffff
939685556f97fff
ac6fc395556ffff
c53ffaaffffffff
ffaffc6ffffffff
f96ffffffffffff
96fffffffffffff
c53fffffbffffff
ffafff93c3fffff
f96fffac3afffff
faf9556faafffff
fc3c53ffaafffff
f9457c3fac3ffff
fc55556fc56ffff



b95153f93ffffff
c47abc56affffff
939685556f957ff
ac6fc395556ffff
c53ffaaffffffff
ffaffc6ffffffff
f96ffffffffffff
96fffffffffffff
c53fffffbffffff
ffafff93c3fffff
f96fffac3afffff
faf9556faafffff
fc3c53ffaafffff
f9457c3fac3ffff
fc55556fc56ffff



b95153f93ffffff
c47abc56affffff
939685556f953ff
ac6fc395556feff
c53ffaaffffffff
ffaffc6ffffffff
f96ffffffffffff
96fffffffffffff
c53fffffbffffff
ffafff93c3fffff
f96fffac3afffff
faf9556faafffff
fc3c53ffaafffff
f9457c3fac3ffff
fc55556fc56ffff



b95153f93ffffff
c47abc56affffff
939685556f953ff
ac6fc395556faff
c53ffaafffffeff
ffaffc6ffffffff
f96ffffffffffff
96fffffffffffff
c53fffffbffffff
ffafff93c3fffff
f96fffac3afffff
faf9556faafffff
fc3c53ffaafffff
f9457c3fac3ffff
fc55556fc56ffff



b95153f93ffffff
c47abc56affffff
939685556f953ff
ac6fc395556faff
c53ffaafffffc7f
ffaffc6ffffffff
f96ffffffffffff
96fffffffffffff
c53fffffbffffff
ffafff93c3fffff
f96fffac3afffff
faf9556faafffff
fc3c53ffaafffff
f9457c3fac3ffff
fc55556fc56ffff



b95153f93ffffff
c47abc56affffff
939685556f953ff
ac6fc395556fabf
c53ffaafffffc6f
ffaffc6ffffffff
f96ffffffffffff
96fffffffffffff
c53fffffbffffff
ffafff93c3fffff
f96fffac3afffff
faf9556faafffff
fc3c53ffaafffff
f9457c3fac3ffff
fc55556fc56ffff



b95153f93ffffff
c47abc56affffff
939685556f953bf
ac6fc395556faaf
c53ffaafffffc6f
ffaffc6ffffffff
f96ffffffffffff
96fffffffffffff
c53fffffbffffff
ffafff93c3fffff
f96fffac3afffff
faf9556faafffff
fc3c53ffaafffff
f9457c3fac3ffff
fc55556fc56ffff



b95153f93ffffff
c47abc56affffbf
939685556f953af
ac6fc395556faaf
c53ffaafffffc6f
ffaffc6ffffffff
f96ffffffffffff
96fffffffffffff
c53fffffbffffff
ffafff93c3fffff
f96fffac3afffff
faf9556faafffff
fc3c53ffaafffff
f9457c3fac3ffff
fc55556fc56ffff



b95153f93ffffff
c47abc56affff97
939685556f953af
ac6fc395556faaf
c53ffaafffffc6f
ffaffc6ffffffff
f96ffffffffffff
96fffffffffffff
c53fffffbffffff
ffafff93c3fffff
f96fffac3afffff
faf9556faafffff
fc3c53ffaafffff
f9457c3fac3ffff
fc55556fc56ffff



b95153f93ffffff
c47abc56affff93
939685556f953ae
ac6fc395556faaf
c53ffaafffffc6f
ffaffc6ffffffff
f96ffffffffffff
96fffffffffffff
c53fffffbffffff
ffafff93c3fffff
f96fffac3afffff
faf9556faafffff
fc3c53ffaafffff
f9457c3fac3ffff
fc55556fc56ffff



b95153f93ffffff
c47abc56affff93
939685556f953aa
ac6fc395556faae
c53ffaafffffc6f
ffaffc6ffffffff
f96ffffffffffff
96fffffffffffff
c53fffffbffffff
ffafff93c3fffff
f96fffac3afffff
faf9556faafffff
fc3c53ffaafffff
f9457c3fac3ffff
fc55556fc56ffff



b95153f93ffffff
c47abc56affff93
939685556f953aa
ac6fc395556faaa
c53ffaafffffc6e
ffaffc6ffffffff
f96ffffffffffff
96fffffffffffff
c53fffffbffffff
ffafff93c3fffff
f96fffac3afffff
faf9556faafffff
fc3c53ffaafffff
f9457c3fac3ffff
fc55556fc56ffff



b95153f93ffffff
c47abc56affff93
939685556f953aa
ac6fc395556faaa
c53ffaafffffc6a
ffaffc6fffffffe
f96ffffffffffff
96fffffffffffff
c53fffffbffffff
ffafff93c3fffff
f96fffac3afffff
faf9556faafffff
fc3c53ffaafffff
f9457c3fac3ffff
fc55556fc56ffff



b95153f93ffffff
c47abc56affff93
939685556f953aa
ac6fc395556faaa
c53ffaafffffc6a
ffaffc6fffffffa
f96fffffffffffe
96fffffffffffff
c53fffffbffffff
ffafff93c3fffff
f96fffac3afffff
faf9556faafffff
fc3c53ffaafffff
f9457c3fac3ffff
fc55556fc56ffff



b95153f93ffffff
c47abc56affff93
939685556f953aa
ac6fc395556faaa
c53ffaafffffc6a
ffaffc6fffffffa
f96fffffffffffa
96ffffffffffffe
c53fffffbffffff
ffafff93c3fffff
f96fffac3afffff
faf9556faafffff
fc3c53ffaafffff
f9457c3fac3ffff
fc55556fc56ffff



b95153f93ffffff
c47abc56affff93
939685556f953aa
ac6fc395556faaa
c53ffaafffffc6a
ffaffc6fffffffa
f96fffffffffffa
96ffffffffffffa
c53fffffbfffffe
ffafff93c3fffff
f96fffac3afffff
faf9556faafffff
fc3c53ffaafffff
f9457c3fac3ffff
fc55556fc56ffff



b95153f93ffffff
c47abc56affff93
939685556f953aa
ac6fc395556faaa
c53ffaafffffc6a
ffaffc6fffffffa
f96fffffffffffa
96ffffffffffffa
c53fffffbffffd6
ffafff93c3fffff
f96fffac3afffff
faf9556faafffff
fc3c53ffaafffff
f9457c3fac3ffff
fc55556fc56ffff



b95153f93ffffff
c47abc56affff93
939685556f953aa
ac6fc395556faaa
c53ffaafffffc6a
ffaffc6fffffffa
f96fffffffffffa
96ffffffffffffa
c53fffffbffff96
ffafff93c3fffef
f96fffac3afffff
faf9556faafffff
fc3c53ffaafffff
f9457c3fac3ffff
fc55556fc56ffff



b95153f93ffffff
c47abc56affff93
939685556f953aa
ac6fc395556faaa
c53ffaafffffc6a
ffaffc6fffffffa
f96fffffffffffa
96ffffffffffffa
c53fffffbffff96
ffafff93c3fffaf
f96fffac3afffef
faf9556faafffff
fc3c53ffaafffff
f9457c3fac3ffff
fc55556fc56ffff



b95153f93ffffff
c47abc56affff93
939685556f953aa
ac6fc395556faaa
c53ffaafffffc6a
ffaffc6fffffffa
f96fffffffffffa
96ffffffffffffa
c53fffffbffff96
ffafff93c3fffaf
f96fffac3afffc7
faf9556faafffff
fc3c53ffaafffff
f9457c3fac3ffff
fc55556fc56ffff



b95153f93ffffff
c47abc56affff93
939685556f953aa
ac6fc395556faaa
c53ffaafffffc6a
ffaffc6fffffffa
f96fffffffffffa
96ffffffffffffa
c53fffffbffff96
ffafff93c3fffaf
f96fffac3afffc3
faf9556faaffffe
fc3c53ffaafffff
f9457c3fac3ffff
fc55556fc56ffff



b95153f93ffffff
c47abc56affff93
939685556f953aa
ac6fc395556faaa
c53ffaafffffc6a
ffaffc6fffffffa
f96fffffffffffa
96ffffffffffffa
c53fffffbffff96
ffafff93c3fffaf
f96fffac3afffc3
faf9556faafffd6
fc3c53ffaafffff
f9457c3fac3ffff
fc55556fc56ffff



b95153f93ffffff
c47abc56affff93
939685556f953aa
ac6fc395556faaa
c53ffaafffffc6a
ffaffc6fffffffa
f96fffffffffffa
96ffffffffffffa
c53fffffbffff96
ffafff93c3fffaf
f96fffac3afffc3
faf9556faafff96
fc3c53ffaafffef
f9457c3fac3ffff
fc55556fc56ffff



b95153f93ffffff
c47abc56affff93
939685556f953aa
ac6fc395556faaa
c53ffaafffffc6a
ffaffc6fffffffa
f96fffffffffffa
96ffffffffffffa
c53fffffbffff96
ffafff93c3fffaf
f96fffac3afffc3
faf9556faafff96
fc3c53ffaafffc7
f9457c3fac3ffff
fc55556fc56ffff



b95153f93ffffff
c47abc56affff93
939685556f953aa
ac6fc395556faaa
c53ffaafffffc6a
ffaffc6fffffffa
f96fffffffffffa
96ffffffffffffa
c53fffffbffff96
ffafff93c3fffaf
f96fffac3afffc3
faf9556faafff96
fc3c53ffaafffc3
f9457c3fac3fffe
fc55556fc56ffff



b95153f93ffffff
c47abc56affff93
939685556f953aa
ac6fc395556faaa
c53ffaafffffc6a
ffaffc6fffffffa
f96fffffffffffa
96ffffffffffffa
c53fffffbffff96
ffafff93c3fffaf
f96fffac3afffc3
faf9556faafff96
fc3c53ffaafffc3
f9457c3fac3ffd6
fc55556fc56ffff



b95153f93ffffff
c47abc56affff93
939685556f953aa
ac6fc395556faaa
c53ffaafffffc6a
ffaffc6fffffffa
f96fffffffffffa
96ffffffffffffa
c53fffffbffff96
ffafff93c3fffaf
f96fffac3afffc3
faf9556faafff96
fc3c53ffaafffc3
f9457c3fac3fd56
fc55556fc56ffff



b95153f93ffffff
c47abc56affff93
939685556f953aa
ac6fc395556faaa
c53ffaafffffc6a
ffaffc6fffffffa
f96fffffffffffa
96ffffffffffffa
c53fffffbffff96
ffafff93c3fffaf
f96fffac3afffc3
faf9556faafff96
fc3c53ffaafffc3
f9457c3fac3f956
fc55556fc56feff



b95153f93ffffff
c47abc56affff93
939685556f953aa
ac6fc395556faaa
c53ffaafffffc6a
ffaffc6fffffffa
f96fffffffffffa
96ffffffffffffa
c53fffffbffff96
ffafff93c3fffaf
f96fffac3afffc3
faf9556faafff96
fc3c53ffaafffc3
f9457c3fac3f956
fc55556fc56d6ff



b95153f93ffffff
c47abc56affff93
939685556f953aa
ac6fc395556faaa
c53ffaafffffc6a
ffaffc6fffffffa
f96fffffffffffa
96ffffffffffffa
c53fffffbffff96
ffafff93c3fffaf
f96fffac3afffc3
faf9556faafff96
fc3c53ffaafffc3
f9457c3fac3b956
fc55556fc56c6ff



b95153f93ffffff
c47abc56affff93
939685556f953aa
ac6fc395556faaa
c53ffaafffffc6a
ffaffc6fffffffa
f96fffffffffffa
96ffffffffffffa
c53fffffbffff96
ffafff93c3fffaf
f96fffac3afffc3
faf9556faafff96
fc3c53ffaafbfc3
f9457c3fac3a956
fc55556fc56c6ff



b95153f93ffffff
c47abc56affff93
939685556f953aa
ac6fc395556faaa
c53ffaafffffc6a
ffaffc6fffffffa
f96fffffffffffa
96ffffffffffffa
c53fffffbffff96
ffafff93c3fffaf
f96fffac3afffc3
faf9556faafbf96
fc3c53ffaafafc3
f9457c3fac3a956
fc55556fc56c6ff



b95153f93ffffff
c47abc56affff93
939685556f953aa
ac6fc395556faaa
c53ffaafffffc6a
ffaffc6fffffffa
f96fffffffffffa
96ffffffffffffa
c53fffffbffff96
ffafff93c3fffaf
f96fffac3afbfc3
faf9556faafaf96
fc3c53ffaafafc3
f9457c3fac3a956
fc55556fc56c6ff



b95153f93ffffff
c47abc56affff93
939685556f953aa
ac6fc395556faaa
c53ffaafffffc6a
ffaffc6fffffffa
f96fffffffffffa
96ffffffffffffa
c53fffffbffff96
ffafff93c3fffaf
f96fffac3ad3fc3
faf9556faafaf96
fc3c53ffaafafc3
f9457c3fac3a956
fc55556fc56c6ff



b95153f93ffffff
c47abc56affff93
939685556f953aa
ac6fc395556faaa
c53ffaafffffc6a
ffaffc6fffffffa
f96fffffffffffa
96ffffffffffffa
c53fffffbffff96
ffafff93c3bffaf
f96fffac3ac3fc3
faf9556faafaf96
fc3c53ffaafafc3
f9457c3fac3a956
fc55556fc56c6ff



b95153f93ffffff
c47abc56affff93
939685556f953aa
ac6fc395556faaa
c53ffaafffffc6a
ffaffc6fffffffa
f96fffffffffffa
96ffffffffffffa
c53fffffbffff96
ffafff93c397faf
f96fffac3ac3fc3
faf9556faafaf96
fc3c53ffaafafc3
f9457c3fac3a956
fc55556fc56c6ff



b95153f93ffffff
c47abc56affff93
939685556f953aa
ac6fc395556faaa
c53ffaafffffc6a
ffaffc6fffffffa
f96fffffffffffa
96ffffffffffffa
c53fffffbffff96
ffafff93c3957af
f96fffac3ac3fc3
faf9556faafaf96
fc3c53ffaafafc3
f9457c3fac3a956
fc55556fc56c6ff



b95153f93ffffff
c47abc56affff93
939685556f953aa
ac6fc395556faaa
c53ffaafffffc6a
ffaffc6fffffffa
f96fffffffffffa
96ffffffffffffa
c53fffffbfffb96
ffafff93c3956af
f96fffac3ac3fc3
faf9556faafaf96
fc3c53ffaafafc3
f9457c3fac3a956
fc55556fc56c6ff



b95153f93ffffff
c47abc56affff93
939685556f953aa
ac6fc395556faaa
c53ffaafffffc6a
ffaffc6fffffffa
f96fffffffffffa
96ffffffffffbfa
c53fffffbfffa96
ffafff93c3956af
f96fffac3ac3fc3
faf9556faafaf96
fc3c53ffaafafc3
f9457c3fac3a956
fc55556fc56c6ff



b95153f93ffffff
c47abc56affff93
939685556f953aa
ac6fc395556faaa
c53ffaafffffc6a
ffaffc6fffffffa
f96fffffffffffa
96fffffffffd3fa
c53fffffbfffa96
ffafff93c3956af
f96fffac3ac3fc3
faf9556faafaf96
fc3c53ffaafafc3
f9457c3fac3a956
fc55556fc56c6ff



b95153f93ffffff
c47abc56affff93
939685556f953aa
ac6fc395556faaa
c53ffaafffffc6a
ffaffc6fffffffa
f96fffffffffffa
96fffffffff93fa
c53fffffbffea96
ffafff93c3956af
f96fffac3ac3fc3
faf9556faafaf96
fc3c53ffaafafc3
f9457c3fac3a956
fc55556fc56c6ff



b95153f93ffffff
c47abc56affff93
939685556f953aa
ac6fc395556faaa
c53ffaafffffc6a
ffaffc6fffffffa
f96fffffffffffa
96fffffffff93fa
c53fffffbfd6a96
ffafff93c3956af
f96fffac3ac3fc3
faf9556faafaf96
fc3c53ffaafafc3
f9457c3fac3a956
fc55556fc56c6ff



b95153f93ffffff
c47abc56affff93
939685556f953aa
ac6fc395556faaa
c53ffaafffffc6a
ffaffc6fffffffa
f96fffffffffffa
96ffffffffb93fa
c53fffffbfc6a96
ffafff93c3956af
f96fffac3ac3fc3
faf9556faafaf96
fc3c53ffaafafc3
f9457c3fac3a956
fc55556fc56c6ff



b95153f93ffffff
c47abc56affff93
939685556f953aa
ac6fc395556faaa
c53ffaafffffc6a
ffaffc6fffffffa
f96fffffffbfffa
96ffffffffa93fa
c53fffffbfc6a96
ffafff93c3956af
f96fffac3ac3fc3
faf9556faafaf96
fc3c53ffaafafc3
f9457c3fac3a956
fc55556fc56c6ff



b95153f93ffffff
c47abc56affff93
939685556f953aa
ac6fc395556faaa
c53ffaafffffc6a
ffaffc6fffbfffa
f96fffffffafffa
96ffffffffa93fa
c53fffffbfc6a96
ffafff93c3956af
f96fffac3ac3fc3
faf9556faafaf96
fc3c53ffaafafc3
f9457c3fac3a956
fc55556fc56c6ff



b95153f93ffffff
c47abc56affff93
939685556f953aa
ac6fc395556faaa
c53ffaafffbfc6a
ffaffc6fffafffa
f96fffffffafffa
96ffffffffa93fa
c53fffffbfc6a96
ffafff93c3956af
f96fffac3ac3fc3
faf9556faafaf96
fc3c53ffaafafc3
f9457c3fac3a956
fc55556fc56c6ff



b95153f93ffffff
c47abc56affff93
939685556f953aa
ac6fc395556faaa
c53ffaafff97c6a
ffaffc6fffafffa
f96fffffffafffa
96ffffffffa93fa
c53fffffbfc6a96
ffafff93c3956af
f96fffac3ac3fc3
faf9556faafaf96
fc3c53ffaafafc3
f9457c3fac3a956
fc55556fc56c6ff



b95153f93ffffff
c47abc56affff93
939685556f953aa
ac6fc395556faaa
c53ffaafff93c6a
ffaffc6fffaeffa
f96fffffffafffa
96ffffffffa93fa
c53fffffbfc6a96
ffafff93c3956af
f96fffac3ac3fc3
faf9556faafaf96
fc3c53ffaafafc3
f9457c3fac3a956
fc55556fc56c6ff



b95153f93ffffff
c47abc56affff93
939685556f953aa
ac6fc395556faaa
c53ffaafff93c6a
ffaffc6fffaaffa
f96fffffffaeffa
96ffffffffa93fa
c53fffffbfc6a96
ffafff93c3956af
f96fffac3ac3fc3
faf9556faafaf96
fc3c53ffaafafc3
f9457c3fac3a956
fc55556fc56c6ff



b95153f93ffffff
c47abc56affff93
939685556f953aa
ac6fc395556faaa
c53ffaafff93c6a
ffaffc6fffaaffa
f96fffffffac7fa
96ffffffffa93fa
c53fffffbfc6a96
ffafff93c3956af
f96fffac3ac3fc3
faf9556faafaf96
fc3c53ffaafafc3
f9457c3fac3a956
fc55556fc56c6ff



b95153f93ffffff
c47abc56affff93
939685556f953aa
ac6fc395556faaa
c53ffaafff93c6a
ffaffc6fffaaffa
f96fffffffac57a
96ffffffffa93fa
c53fffffbfc6a96
ffafff93c3956af
f96fffac3ac3fc3
faf9556faafaf96
fc3c53ffaafafc3
f9457c3fac3a956
fc55556fc56c6ff



b95153f93ffffff
c47abc56affff93
939685556f953aa
ac6fc395556faaa
c53ffaafff93c6a
ffaffc6fffaafba
f96fffffffac56a
96ffffffffa93fa
c53fffffbfc6a96
ffafff93c3956af
f96fffac3ac3fc3
faf9556faafaf96
fc3c53ffaafafc3
f9457c3fac3a956
fc55556fc56c6ff



b95153f93ffffff
c47abc56affff93
939685556f953aa
ac6fc395556faaa
c53ffaafff93c6a
ffaffc6fffaad3a
f96fffffffac56a
96ffffffffa93fa
c53fffffbfc6a96
ffafff93c3956af
f96fffac3ac3fc3
faf9556faafaf96
fc3c53ffaafafc3
f9457c3fac3a956
fc55556fc56c6ff



b95153f93ffffff
c47abc56affff93
939685556f953aa
ac6fc395556faaa
c53ffaafff93c6a
ffaffc6fffaad3a
f96fffffffac52a
96ffffffffa93ea
c53fffffbfc6a96
ffafff93c3956af
f96fffac3ac3fc3
faf9556faafaf96
fc3c53ffaafafc3
f9457c3fac3a956
fc55556fc56c6ff



b95153f93ffffff
c47abc56affff93
939685556f953aa
ac6fc395556baaa
c53ffaafff92c6a
ffaffc6fffaad3a
f96fffffffac52a
96ffffffffa93ea
c53fffffbfc6a96
ffafff93c3956af
f96fffac3ac3fc3
faf9556faafaf96
fc3c53ffaafafc3
f9457c3fac3a956
fc55556fc56c6ff



b95153f93ffffff
c47abc56affff93
939685556f953aa
ac6fc395556baaa
c53ffaafff92c6a
ffaffc6fffaad3a
f96fffffffac52a
96fffffffd293ea
c53fffffbfc6a96
ffafff93c3956af
f96fffac3ac3fc3
faf9556faafaf96
fc3c53ffaafafc3
f9457c3fac3a956
fc55556fc56c6ff



b95153f93ffffff
c47abc56affff93
939685556f953aa
ac6fc395556baaa
c53ffaafff92c6a
ffaffc6fffaad3a
f96fffffffac52a
96ffffffd5293ea
c53fffffbfc6a96
ffafff93c3956af
f96fffac3ac3fc3
faf9556faafaf96
fc3c53ffaafafc3
f9457c3fac3a956
fc55556fc56c6ff



b95153f93ffffff
c47abc56affff93
939685556f953aa
ac6fc395556baaa
c53ffaafff92c6a
ffaffc6fffaad3a
f96fffffffac52a
96ffffffd5293ea
c53fffffbfc6a96
ffafff93c3952af
f96fffac3ac3ec3
faf9556faafaf96
fc3c53ffaafafc3
f9457c3fac3a956
fc55556fc56c6ff



b95153f93ffffff
c47abc56affff93
939685556f953aa
ac6fc395556baaa
c53ffaafff92c6a
ffaffc6fffaad3a
f96fffffffac52a
96ffffffd5293ea
c53fffffbfc6a96
ffafff93c3952af
f96fffac3ac3ac3
faf9556faafae96
fc3c53ffaafafc3
f9457c3fac3a956
fc55556fc56c6ff



b95153f93ffffff
c47abc56affff93
939685556f953aa
ac6fc395556baaa
c53ffaafff92c6a
ffaffc6fffaad3a
f96fffffffac52a
96ffffffd5293ea
c53fffffbfc6a96
ffafff93c3952af
f96fffac3ac3ac3
faf9556faafaa96
fc3c53ffaafaec3
f9457c3fac3a956
fc55556fc56c6ff



b95153f93ffffff
c47abc56affff93
939685556f953aa
ac6fc395556baaa
c53ffaafff92c6a
ffaffc6fffaad3a
f96fffffffac52a
96ffffffd5293ea
c53fffffbfc6a96
ffafff93c3952af
f96fffac3a83ac3
faf9556faaeaa96
fc3c53ffaafaec3
f9457c3fac3a956
fc55556fc56c6ff



b95153f93ffffff
c47abc56affff93
939685556f953aa
ac6fc395556baaa
c53ffaafff92c6a
ffaffc6fffaad3a
f96fffffffac52a
96ffffffd5293ea
c53fffffbfc6a96
ffafff93c3952af
f96fffac3a83ac3
faf9556faaaaa96
fc3c53ffaaeaec3
f9457c3fac3a956
fc55556fc56c6ff



b95153f93ffffff
c47abc56affff93
939685556f953aa
ac6fc395556baaa
c53ffaafff92c6a
ffaffc6fffaad3a
f96fffffffac52a
96ffffffd5293ea
c53fffffbfc6a96
ffafff93c3952af
f96fffac3a83ac3
faf9556faaaaa96
fc3c53ffaaeaec3
f9457c3fac3a956
fc55556fc56c47f



b95153f93ffffff
c47abc56affff93
939685556f953aa
ac6fc395556baaa
c53ffaafff92c6a
ffaffc6fffaad3a
f96fffffffac52a
96ffffffd5293ea
c53fffffbfc6a96
ffafff93c3952af
f96fffac3a83ac3
faf9556faaaaa96
fc3c53ffaaeaec3
f9457c3fac3a956
fc55556fc56c457



b95153f93ffffff
c47abc56affff93
939685556f953aa
ac6fc395556baaa
c53ffaafff92c6a
ffaffc6fffaad3a
f96fffffffac52a
96ffffffd5293ea
c53fffffbfc6a96
ffafff93c3952ab
f96fffac3a83ac2
faf9556faaaaa96
fc3c53ffaaeaec3
f9457c3fac3a956
fc55556fc56c457



b95153f93fffffb
c47abc56affff92
939685556f953aa
ac6fc395556baaa
c53ffaafff92c6a
ffaffc6fffaad3a
f96fffffffac52a
96ffffffd5293ea
c53fffffbfc6a96
ffafff93c3952ab
f96fffac3a83ac2
faf9556faaaaa96
fc3c53ffaaeaec3
f9457c3fac3a956
fc55556fc56c457



b95153f93ffffd3
c47abc56affff92
939685556f953aa
ac6fc395556baaa
c53ffaafff92c6a
ffaffc6fffaad3a
f96fffffffac52a
96ffffffd5293ea
c53fffffbfc6a96
ffafff93c3952ab
f96fffac3a83ac2
faf9556faaaaa96
fc3c53ffaaeaec3
f9457c3fac3a956
fc55556fc56c457



b95153f93fffd53
c47abc56affff92
939685556f953aa
ac6fc395556baaa
c53ffaafff92c6a
ffaffc6fffaad3a
f96fffffffac52a
96ffffffd5293ea
c53fffffbfc6a96
ffafff93c3952ab
f96fffac3a83ac2
faf9556faaaaa96
fc3c53ffaaeaec3
f9457c3fac3a956
fc55556fc56c457



b95153f93fff953
c47abc56afffe92
939685556f953aa
ac6fc395556baaa
c53ffaafff92c6a
ffaffc6fffaad3a
f96fffffffac52a
96ffffffd5293ea
c53fffffbfc6a96
ffafff93c3952ab
f96fffac3a83ac2
faf9556faaaaa96
fc3c53ffaaeaec3
f9457c3fac3a956
fc55556fc56c457



b95153f93fff953
c47abc56affd692
939685556f953aa
ac6fc395556baaa
c53ffaafff92c6a
ffaffc6fffaad3a
f96fffffffac52a
96ffffffd5293ea
c53fffffbfc6a96
ffafff93c3952ab
f96fffac3a83ac2
faf9556faaaaa96
fc3c53ffaaeaec3
f9457c3fac3a956
fc55556fc56c457



b95153f93fff953
c47abc56afd5692
939685556f953aa
ac6fc395556baaa
c53ffaafff92c6a
ffaffc6fffaad3a
f96fffffffac52a
96ffffffd5293ea
c53fffffbfc6a96
ffafff93c3952ab
f96fffac3a83ac2
faf9556faaaaa96
fc3c53ffaaeaec3
f9457c3fac3a956
fc55556fc56c457



b95153f93fff953
c47abc56ad55692
939685556f953aa
ac6fc395556baaa
c53ffaafff92c6a
ffaffc6fffaad3a
f96fffffffac52a
96ffffffd5293ea
c53fffffbfc6a96
ffafff93c3952ab
f96fffac3a83ac2
faf9556faaaaa96
fc3c53ffaaeaec3
f9457c3fac3a956
fc55556fc56c457



b95153f93fff953
c47abc56a955692
939685556e953aa
ac6fc395556baaa
c53ffaafff92c6a
ffaffc6fffaad3a
f96fffffffac52a
96ffffffd5293ea
c53fffffbfc6a96
ffafff93c3952ab
f96fffac3a83ac2
faf9556faaaaa96
fc3c53ffaaeaec3
f9457c3fac3a956
fc55556fc56c457



b95153f93bff953
c47abc56a855692
939685556e953aa
ac6fc395556baaa
c53ffaafff92c6a
ffaffc6fffaad3a
f96fffffffac52a
96ffffffd5293ea
c53fffffbfc6a96
ffafff93c3952ab
f96fffac3a83ac2
faf9556faaaaa96
fc3c53ffaaeaec3
f9457c3fac3a956
fc55556fc56c457



b95153f9397f953
c47abc56a855692
939685556e953aa
ac6fc395556baaa
c53ffaafff92c6a
ffaffc6fffaad3a
f96fffffffac52a
96ffffffd5293ea
c53fffffbfc6a96
ffafff93c3952ab
f96fffac3a83ac2
faf9556faaaaa96
fc3c53ffaaeaec3
f9457c3fac3a956
fc55556fc56c457



b95153f93957953
c47abc56a855692
939685556e953aa
ac6fc395556baaa
c53ffaafff92c6a
ffaffc6fffaad3a
f96fffffffac52a
96ffffffd5293ea
c53fffffbfc6a96
ffafff93c3952ab
f96fffac3a83ac2
faf9556faaaaa96
fc3c53ffaaeaec3
f9457c3fac3a956
fc55556fc56c457



b95153f93957953
c47abc56a855692
939685556e953aa
ac6fc395556baaa
c53ffaafff92c6a
ffaffc47ffaad3a
f96fffffffac52a
96ffffffd5293ea
c53fffffbfc6a96
ffafff93c3952ab
f96fffac3a83ac2
faf9556faaaaa96
fc3c53ffaaeaec3
f9457c3fac3a956
fc55556fc56c457



b95153f93957953
c47abc56a855692
939685556e953aa
ac6fc395556baaa
c53ffaafff92c6a
ffaffc457faad3a
f96fffffffac52a
96ffffffd5293ea
c53fffffbfc6a96
ffafff93c3952ab
f96fffac3a83ac2
faf9556faaaaa96
fc3c53ffaaeaec3
f9457c3fac3a956
fc55556fc56c457



b95153f93957953
c47abc56a855692
939685556e953aa
ac6fc395556baaa
c53ffaafff92c6a
ffaffc057faad3a
f96fffefffac52a
96ffffffd5293ea
c53fffffbfc6a96
ffafff93c3952ab
f96fffac3a83ac2
faf9556faaaaa96
fc3c53ffaaeaec3
f9457c3fac3a956
fc55556fc56c457



b95153f93957953
c47abc56a855692
939685556e953aa
ac6fc395556baaa
c53ffaafff92c6a
ffaffc057faad3a
f96fffafffac52a
96ffffefd5293ea
c53fffffbfc6a96
ffafff93c3952ab
f96fffac3a83ac2
faf9556faaaaa96
fc3c53ffaaeaec3
f9457c3fac3a956
fc55556fc56c457



b95153f93957953
c47abc56a855692
939685556e953aa
ac6fc395556baaa
c53ffaafff92c6a
ffaffc057faad3a
f96fffafffac52a
96ffffafd5293ea
c53fffefbfc6a96
ffafff93c3952ab
f96fffac3a83ac2
faf9556faaaaa96
fc3c53ffaaeaec3
f9457c3fac3a956
fc55556fc56c457



b95153f93957953
c47abc56a855692
939685556e953aa
ac6fc395556baaa
c53ffaafff92c6a
ffafd4057faad3a
f96fffafffac52a
96ffffafd5293ea
c53fffefbfc6a96
ffafff93c3952ab
f96fffac3a83ac2
faf9556faaaaa96
fc3c53ffaaeaec3
f9457c3fac3a956
fc55556fc56c457



b95153f93957953
c47abc56a855692
939685556e953aa
ac6fc395556baaa
c53fbaafff92c6a
ffafc4057faad3a
f96fffafffac52a
96ffffafd5293ea
c53fffefbfc6a96
ffafff93c3952ab
f96fffac3a83ac2
faf9556faaaaa96
fc3c53ffaaeaec3
f9457c3fac3a956
fc55556fc56c457



b95153f93957953
c47abc56a855692
939685556e953aa
ac6d4395556baaa
c53fbaafff92c6a
ffafc4057faad3a
f96fffafffac52a
96ffffafd5293ea
c53fffefbfc6a96
ffafff93c3952ab
f96fffac3a83ac2
faf9556faaaaa96
fc3c53ffaaeaec3
f9457c3fac3a956
fc55556fc56c457



b95153d13957953
c47abc56a855692
939685556e953aa
ac6d4395556baaa
c53fbaafff92c6a
ffafc4057faad3a
f96fffafffac52a
96ffffafd5293ea
c53fffefbfc6a96
ffafff93c3952ab
f96fffac3a83ac2
faf9556faaaaa96
fc3c53ffaaeaec3
f9457c3fac3a956
fc55556fc56c457



reached: 1 1
b95153d13957953
c47abc56a855692
939685556e953aa
ac6d4395556baaa
853fbaafff92c6a
efafc4057faad3a
f96fffafffac52a
96ffffafd5293ea
c53fffefbfc6a96
ffafff93c3952ab
f96fffac3a83ac2
faf9556faaaaa96
fc3c53ffaaeaec3
f9457c3fac3a956
fc55556fc56c457



b95153d13957953
c47abc56a855692
939685556e953aa
ac6d4395556baaa
853fbaafff92c6a
afafc4057faad3a
e96fffafffac52a
96ffffafd5293ea
c53fffefbfc6a96
ffafff93c3952ab
f96fffac3a83ac2
faf9556faaaaa96
fc3c53ffaaeaec3
f9457c3fac3a956
fc55556fc56c457



b95153d13957953
c47abc56a855692
939685556e953aa
ac6d4395556baaa
853fbaafff92c6a
87afc4057faad3a
e96fffafffac52a
96ffffafd5293ea
c53fffefbfc6a96
ffafff93c3952ab
f96fffac3a83ac2
faf9556faaaaa96
fc3c53ffaaeaec3
f9457c3fac3a956
fc55556fc56c457



b95153d13957953
c47abc56a855692
939685556e953aa
ac6d4395556baaa
853fbaafff92c6a
87afc4057faad3a
e92fffafffac52a
96efffafd5293ea
c53fffefbfc6a96
ffafff93c3952ab
f96fffac3a83ac2
faf9556faaaaa96
fc3c53ffaaeaec3
f9457c3fac3a956
fc55556fc56c457



b95153d13957953
c47abc56a855692
939685556e953aa
ac6d4395556baaa
853fbaafff92c6a
87afc4057faad3a
e92fffafffac52a
96c7ffafd5293ea
c53fffefbfc6a96
ffafff93c3952ab
f96fffac3a83ac2
faf9556faaaaa96
fc3c53ffaaeaec3
f9457c3fac3a956
fc55556fc56c457



b95153d13957953
c47abc56a855692
939685556e953aa
ac6d4395556baaa
853fbaafff92c6a
87afc4057faad3a
e92fffafffac52a
96c57fafd5293ea
c53fffefbfc6a96
ffafff93c3952ab
f96fffac3a83ac2
faf9556faaaaa96
fc3c53ffaaeaec3
f9457c3fac3a956
fc55556fc56c457



b95153d13957953
c47abc56a855692
939685556e953aa
ac6d4395556baaa
853fbaafff92c6a
87afc4057faad3a
e92fffafffac52a
96c53fafd5293ea
c53fefefbfc6a96
ffafff93c3952ab
f96fffac3a83ac2
faf9556faaaaa96
fc3c53ffaaeaec3
f9457c3fac3a956
fc55556fc56c457



b95153d13957953
c47abc56a855692
939685556e953aa
ac6d4395556baaa
853fbaafff92c6a
87afc4057faad3a
e92fffafffac52a
96c53fafd5293ea
c53fafefbfc6a96
ffafef93c3952ab
f96fffac3a83ac2
faf9556faaaaa96
fc3c53ffaaeaec3
f9457c3fac3a956
fc55556fc56c457



b95153d13957953
c47abc56a855692
939685556e953aa
ac6d4395556baaa
853fbaafff92c6a
87afc4057faad3a
e92fffafffac52a
96c53fafd5293ea
c53fafefbfc6a96
ffafc793c3952ab
f96fffac3a83ac2
faf9556faaaaa96
fc3c53ffaaeaec3
f9457c3fac3a956
fc55556fc56c457



b95153d13957953
c47abc56a855692
939685556e953aa
ac6d4395556baaa
853fbaafff92c6a
87afc4057faad3a
e92fffafffac52a
96c53fafd5293ea
c53fafefbfc6a96
ffafc393c3952ab
f96ffeac3a83ac2
faf9556faaaaa96
fc3c53ffaaeaec3
f9457c3fac3a956
fc55556fc56c457



b95153d13957953
c47abc56a855692
939685556e953aa
ac6d4395556baaa
853fbaafff92c6a
87afc4057faad3a
e92fffafffac52a
96c53fafd5293ea
c53fafefbfc6a96
ffafc393c3952ab
f96fd6ac3a83ac2
faf9556faaaaa96
fc3c53ffaaeaec3
f9457c3fac3a956
fc55556fc56c457



b95153d13957953
c47abc56a855692
939685556e953aa
ac6d4395556baaa
853fbaafff92c6a
87afc4057faad3a
e92fffafffac52a
96c53fafd5293ea
c53fafefbfc6a96
ffafc393c3952ab
f96d56ac3a83ac2
faf9556faaaaa96
fc3c53ffaaeaec3
f9457c3fac3a956
fc55556fc56c457



b95153d13957953
c47abc56a855692
939685556e953aa
ac6d4395556baaa
853fbaafff92c6a
87afc4057faad3a
e92fffafffac52a
96c53fafd5293ea
c53fafefbfc6a96
ffabc393c3952ab
f96c56ac3a83ac2
faf9556faaaaa96
fc3c53ffaaeaec3
f9457c3fac3a956
fc55556fc56c457



b95153d13957953
c47abc56a855692
939685556e953aa
ac6d4395556baaa
853fbaafff92c6a
87afc4057faad3a
e92fffafffac52a
96c53fafd5293ea
c53bafefbfc6a96
ffaac393c3952ab
f96c56ac3a83ac2
faf9556faaaaa96
fc3c53ffaaeaec3
f9457c3fac3a956
fc55556fc56c457



b95153d13957953
c47abc56a855692
939685556e953aa
ac6d4395556baaa
853fbaafff92c6a
87afc4057faad3a
e92fffafffac52a
96c53fafd5293ea
853bafefbfc6a96
efaac393c3952ab
f96c56ac3a83ac2
faf9556faaaaa96
fc3c53ffaaeaec3
f9457c3fac3a956
fc55556fc56c457



b95153d13957953
c47abc56a855692
939685556e953aa
ac6d4395556baaa
853fbaafff92c6a
87afc4057faad3a
e92fffafffac52a
96c53fafd5293ea
853bafefbfc6a96
afaac393c3952ab
e96c56ac3a83ac2
faf9556faaaaa96
fc3c53ffaaeaec3
f9457c3fac3a956
fc55556fc56c457



b95153d13957953
c47abc56a855692
939685556e953aa
ac6d4395556baaa
853fbaafff92c6a
87afc4057faad3a
e92fffafffac52a
96c53fafd5293ea
853bafefbfc6a96
afaac393c3952ab
a96c56ac3a83ac2
eaf9556faaaaa96
fc3c53ffaaeaec3
f9457c3fac3a956
fc55556fc56c457



b95153d13957953
c47abc56a855692
939685556e953aa
ac6d4395556baaa
853fbaafff92c6a
87afc4057faad3a
e92fffafffac52a
96c53fafd5293ea
853bafefbfc6a96
afaac393c3952ab
a96c56ac3a83ac2
aaf9556faaaaa96
ec3c53ffaaeaec3
f9457c3fac3a956
fc55556fc56c457



b95153d13957953
c47abc56a855692
939685556e953aa
ac6d4395556baaa
853fbaafff92c6a
87afc4057faad3a
e92fffafffac52a
96c53fafd5293ea
853bafefbfc6a96
afaac393c3952ab
a96c56ac3a83ac2
aaf9556faaaaa96
ac3c53ffaaeaec3
e9457c3fac3a956
fc55556fc56c457



b95153d13957953
c47abc56a855692
939685556e953aa
ac6d4395556baaa
853fbaafff92c6a
87afc4057faad3a
e92fffafffac52a
96c53fafd5293ea
853bafefbfc6a96
afaac393c3952ab
a96c56ac3a83ac2
aaf9556faaaaa96
ac3c53ffaaeaec3
a9457c3fac3a956
ec55556fc56c457



b95153d13957953
c47abc56a855692
939685556e953aa
ac6d4395556baaa
853fbaafff92c6a
87afc4057faad3a
e92fffafffac52a
96c53fafd5293ea
853bafefbfc6a96
87aac393c3952ab
a96c56ac3a83ac2
aaf9556faaaaa96
ac3c53ffaaeaec3
a9457c3fac3a956
ec55556fc56c457



b95153d13957953
c47abc56a855692
939685556e953aa
ac6d4395556baaa
853fbaafff92c6a
87afc4057faad3a
e92fffafffac52a
96c53fafd5293ea
853bafefbfc6a96
87aac393c3952ab
a92c56ac3a83ac2
aae9556faaaaa96
ac3c53ffaaeaec3
a9457c3fac3a956
ec55556fc56c457



b95153d13957953
c47abc56a855692
939685556e953aa
ac6d4395556baaa
853fbaafff92c6a
87afc4057faad3a
e92fffafffac52a
96c53fafd5293ea
853bafefbfc6a96
87aac393c3952ab
a92c56ac3a83ac2
aae9556faaaaa96
ac3c53ffaaeaec3
a9457c3fac3a956
ec555547c56c457



b95153d13957953
c47abc56a855692
939685556e953aa
ac6d4395556baaa
853fbaafff92c6a
87afc4057faad3a
e92fffafffac52a
96c53fafd5293ea
853bafefbfc6a96
87aac393c3952ab
a92c56ac3a83ac2
aae9556faaaaa96
ac3c53ffaaeaec3
a9457c3bac3a956
ec555546c56c457



b95153d13957953
c47abc56a855692
939685556e953aa
ac6d4395556baaa
853fbaafff92c6a
87afc4057faad3a
e92fffafffac52a
96c53fafd5293ea
853bafefbfc6a96
87aac393c3952ab
a92c56ac3a83ac2
aae9556faaaaa96
ac3c53fbaaeaec3
a9457c3aac3a956
ec555546c56c457



b95153d13957953
c47abc56a855692
939685556e953aa
ac6d4395556baaa
853fbaafff92c6a
87afc4057faad3a
e92fffafffac52a
96c53fafd5293ea
853bafefbfc6a96
87aac393c3952ab
a92c56ac3a83ac2
aae9556baaaaa96
ac3c53faaaeaec3
a9457c3aac3a956
ec555546c56c457



b95153d13957953
c47abc56a855692
939685556e953aa
ac6d4395556baaa
853fbaafff92c6a
87afc4057faad3a
e92fffafffac52a
96c53fafd5293ea
853bafefbfc6a96
87aac393c3952ab
a92c56ac3a83ac2
aae9556baaaaa96
ac3c53d2aaeaec3
a9457c3aac3a956
ec555546c56c457



b95153d13957953
c47abc56a855692
939685556e953aa
ac6d4395556baaa
853fbaafff92c6a
87afc4057faad3a
e92fffafffac52a
96c53fafd5293ea
853bafefbfc6a96
87aac393c3952ab
a92c56ac3a83ac2
aae9556baaaaa96
ac3c53d2aaeaec3
a9457c3aac3a956
ec555546c56c457
